<?xml version="1.0" encoding="UTF-8"?>
<!-- Generated by org.testng.reporters.JUnitXMLReporter -->
<testsuite ignored="0" hostname="DESKTOP-964MVFM" failures="3" tests="3" name="bankingApp test(failed)" time="24.362" errors="0" timestamp="13 Jun 2024 11:30:23 GMT">
  <testcase classname="com.guru99V1.testCases.TC_001_LoginDDT" name="loginDDT" time="2.666">
    <failure type="java.lang.AssertionError" message="expected [true] but found [false]">
      <![CDATA[java.lang.AssertionError: expected [true] but found [false]
at com.guru99V1.testCases.TC_001_LoginDDT.loginDDT(TC_001_LoginDDT.java:28)
... Removed 29 stack frames]]>
    </failure>
  </testcase> <!-- loginDDT -->
  <testcase classname="com.guru99V1.testCases.TC_001_LoginDDT" name="loginDDT" time="2.806">
    <failure type="java.lang.AssertionError" message="expected [true] but found [false]">
      <![CDATA[java.lang.AssertionError: expected [true] but found [false]
at com.guru99V1.testCases.TC_001_LoginDDT.loginDDT(TC_001_LoginDDT.java:28)
... Removed 29 stack frames]]>
    </failure>
  </testcase> <!-- loginDDT -->
  <testcase classname="com.guru99V1.testCases.TC_001_LoginDDT" name="loginDDT" time="3.045">
    <failure type="java.lang.AssertionError" message="expected [true] but found [false]">
      <![CDATA[java.lang.AssertionError: expected [true] but found [false]
at com.guru99V1.testCases.TC_001_LoginDDT.loginDDT(TC_001_LoginDDT.java:28)
... Removed 29 stack frames]]>
    </failure>
  </testcase> <!-- loginDDT -->
</testsuite> <!-- bankingApp test(failed) -->
